[0508/123958.192:INFO:CONSOLE(0)] "Error with Permissions-Policy header: Feature xr-spatial-tracking's parameters are ignored.", source:  (0)
[0508/123958.192:INFO:CONSOLE(0)] "Error with Permissions-Policy header: Origin trial controlled feature not enabled: 'attribution-reporting'.", source:  (0)
[0508/123958.192:INFO:CONSOLE(0)] "Error with Permissions-Policy header: Unrecognized feature: 'compute-pressure'.", source:  (0)
[0508/123958.192:INFO:CONSOLE(0)] "Error with Permissions-Policy header: Origin trial controlled feature not enabled: 'interest-cohort'.", source:  (0)
[0508/123958.193:INFO:CONSOLE(0)] "Error with Permissions-Policy header: Unrecognized feature: 'private-state-token-issuance'.", source:  (0)
[0508/123958.209:INFO:CONSOLE(0)] "Error with Permissions-Policy header: Origin trial controlled feature not enabled: 'shared-storage'.", source:  (0)
[0508/123958.209:INFO:CONSOLE(0)] "Error with Permissions-Policy header: Unrecognized feature: 'shared-storage-select-url'.", source:  (0)
[0508/123958.209:INFO:CONSOLE(0)] "Error with Permissions-Policy header: Unrecognized feature: 'private-state-token-redemption'.", source:  (0)
[0508/123958.209:INFO:CONSOLE(0)] "Error with Permissions-Policy header: Unrecognized feature: 'unload'.", source:  (0)
[0508/123958.209:INFO:CONSOLE(0)] "Error with Permissions-Policy header: Unrecognized feature: 'window-management'.", source:  (0)
[0508/124003.274:INFO:CONSOLE(157)] "Event handler of 'x-storagemutated-1' event must be added on the initial evaluation of worker script.", source: https://static.whatsapp.net/rsrc.php/v4/y3/r/rSnSm9vxcX4.js (157)
[0508/124133.600:INFO:CONSOLE(157)] "Event handler of 'x-storagemutated-1' event must be added on the initial evaluation of worker script.", source: https://static.whatsapp.net/rsrc.php/v4/y3/r/rSnSm9vxcX4.js (157)
[0508/124345.320:INFO:CONSOLE(157)] "Event handler of 'x-storagemutated-1' event must be added on the initial evaluation of worker script.", source: https://static.whatsapp.net/rsrc.php/v4/y3/r/rSnSm9vxcX4.js (157)
[0508/124523.030:INFO:CONSOLE(1755)] "Failed to parse video contentType: video/mp4; codecs=avc1.42000a", source: https://static.whatsapp.net/rsrc.php/v4iAeX4/yS/l/rt/haNHy4CGyBR.js (1755)
[0508/124523.030:INFO:CONSOLE(1755)] "Failed to parse video contentType: video/mp4; codecs=hev1.1.6.L93.B0", source: https://static.whatsapp.net/rsrc.php/v4iAeX4/yS/l/rt/haNHy4CGyBR.js (1755)
[0508/124527.816:INFO:CONSOLE(157)] "Event handler of 'x-storagemutated-1' event must be added on the initial evaluation of worker script.", source: https://static.whatsapp.net/rsrc.php/v4/y3/r/rSnSm9vxcX4.js (157)
[0508/124704.709:INFO:CONSOLE(157)] "Event handler of 'x-storagemutated-1' event must be added on the initial evaluation of worker script.", source: https://static.whatsapp.net/rsrc.php/v4/y3/r/rSnSm9vxcX4.js (157)
[0508/124736.665:INFO:CONSOLE(157)] "Event handler of 'x-storagemutated-1' event must be added on the initial evaluation of worker script.", source: https://static.whatsapp.net/rsrc.php/v4/y3/r/rSnSm9vxcX4.js (157)
[0508/124826.645:INFO:CONSOLE(118)] "Uncaught (in promise) #<a>", source: https://static.whatsapp.net/rsrc.php/v4ivfz4/yY/l/rt/nCaYqczBrTn.js (118)
[0508/124928.556:INFO:CONSOLE(157)] "Event handler of 'x-storagemutated-1' event must be added on the initial evaluation of worker script.", source: https://static.whatsapp.net/rsrc.php/v4/y3/r/rSnSm9vxcX4.js (157)
[0508/124954.174:INFO:CONSOLE(118)] "Uncaught (in promise) #<a>", source: https://static.whatsapp.net/rsrc.php/v4ivfz4/yY/l/rt/nCaYqczBrTn.js (118)
[0508/125115.428:INFO:CONSOLE(157)] "Event handler of 'x-storagemutated-1' event must be added on the initial evaluation of worker script.", source: https://static.whatsapp.net/rsrc.php/v4/y3/r/rSnSm9vxcX4.js (157)
[0508/125541.104:INFO:CONSOLE(157)] "Event handler of 'x-storagemutated-1' event must be added on the initial evaluation of worker script.", source: https://static.whatsapp.net/rsrc.php/v4/y3/r/rSnSm9vxcX4.js (157)
[0508/125711.729:INFO:CONSOLE(157)] "Event handler of 'x-storagemutated-1' event must be added on the initial evaluation of worker script.", source: https://static.whatsapp.net/rsrc.php/v4/y3/r/rSnSm9vxcX4.js (157)
[0508/125830.774:INFO:CONSOLE(157)] "Event handler of 'x-storagemutated-1' event must be added on the initial evaluation of worker script.", source: https://static.whatsapp.net/rsrc.php/v4/y3/r/rSnSm9vxcX4.js (157)
